[2024-02-04 00:14:44] [ERROR] An error occurred: ValidationError: userName: userName is required
[2024-02-04 00:15:00] [ERROR] An error occurred: ValidationError: userName: userName is required
[2024-02-04 00:15:19] [ERROR] An error occurred: ValidationError: userName: userName is required
[2024-02-04 00:31:03] [ERROR] An error occurred: Email not confirmed
<<<<<<< Updated upstream
=======
[2024-02-04 01:39:54] [ERROR] An error occurred: TypeError: res.json.send is not a function
[2024-04-23 21:04:14] [ERROR] An error occurred: Email not confirmed
[2024-04-23 21:05:44] [ERROR] An error occurred: TokenExpiredError: jwt expired
[2024-04-23 21:06:11] [ERROR] An error occurred: TokenExpiredError: jwt expired
[2024-04-23 21:06:51] [ERROR] An error occurred: Email already existed
[2024-04-24 22:22:14] [ERROR] An error occurred: TypeError: Cannot read properties of undefined (reading 'jwt')
[2024-04-24 22:23:01] [ERROR] An error occurred: TypeError: Cannot read properties of undefined (reading 'jwt')
[2024-04-24 22:23:15] [ERROR] An error occurred: TypeError: Cannot read properties of undefined (reading 'jwt')
[2024-04-24 22:23:28] [ERROR] An error occurred: TypeError: Cannot read properties of undefined (reading 'jwt')
[2024-04-24 22:24:07] [ERROR] An error occurred: ReferenceError: User is not defined
[2024-04-24 22:24:19] [ERROR] An error occurred: ReferenceError: User is not defined
[2024-04-24 22:24:25] [ERROR] An error occurred: ReferenceError: User is not defined
[2024-04-24 22:24:38] [ERROR] An error occurred: ReferenceError: User is not defined
[2024-04-24 22:25:02] [ERROR] An error occurred: ReferenceError: User is not defined
[2024-04-24 22:25:29] [ERROR] An error occurred: ReferenceError: User is not defined
[2024-04-24 22:25:33] [ERROR] An error occurred: ReferenceError: User is not defined
[2024-04-24 22:26:02] [ERROR] An error occurred: ReferenceError: User is not defined
[2024-04-24 22:26:03] [ERROR] An error occurred: ReferenceError: User is not defined
[2024-04-24 22:26:27] [ERROR] An error occurred: ReferenceError: User is not defined
[2024-04-24 22:26:53] [ERROR] An error occurred: ReferenceError: User is not defined
[2024-04-24 22:26:54] [ERROR] An error occurred: ReferenceError: User is not defined
[2024-04-24 22:27:35] [ERROR] An error occurred: ReferenceError: User is not defined
[2024-04-24 22:30:12] [ERROR] An error occurred: ReferenceError: User is not defined
[2024-04-24 22:30:49] [ERROR] An error occurred: ReferenceError: User is not defined
[2024-04-24 22:31:45] [ERROR] An error occurred: ReferenceError: User is not defined
[2024-04-24 22:32:08] [ERROR] An error occurred: ReferenceError: User is not defined
[2024-04-24 22:33:09] [ERROR] An error occurred: ReferenceError: AppError is not defined
[2024-04-24 22:33:25] [ERROR] An error occurred: fn(...).catch is not a function
[2024-04-24 22:33:42] [ERROR] An error occurred: fn(...).catch is not a function
[2024-04-24 22:51:33] [ERROR] An error occurred: JsonWebTokenError: invalid signature
[2024-04-24 22:52:11] [ERROR] An error occurred: JsonWebTokenError: invalid signature
[2024-04-24 22:53:05] [ERROR] An error occurred: JsonWebTokenError: invalid signature
[2024-04-24 22:54:02] [ERROR] An error occurred: JsonWebTokenError: invalid signature
[2024-04-24 22:54:55] [ERROR] An error occurred: JsonWebTokenError: invalid signature
[2024-04-24 22:57:17] [ERROR] An error occurred: Not registered acount
[2024-04-24 22:57:41] [ERROR] An error occurred: JsonWebTokenError: invalid signature
[2024-04-24 23:00:40] [ERROR] An error occurred: TypeError: Cannot read properties of undefined (reading 'jwt')
[2024-04-24 23:00:42] [ERROR] An error occurred: TypeError: Cannot read properties of undefined (reading 'jwt')
[2024-04-24 23:01:01] [ERROR] An error occurred: JsonWebTokenError: invalid signature
[2024-04-24 23:01:18] [ERROR] An error occurred: TypeError: Cannot read properties of undefined (reading 'jwt')
[2024-04-24 23:01:39] [ERROR] An error occurred: TypeError: Cannot read properties of undefined (reading 'jwt')
[2024-04-24 23:01:57] [ERROR] An error occurred: TypeError: Cannot read properties of undefined (reading 'jwt')
[2024-04-24 23:02:07] [ERROR] An error occurred: TypeError: Cannot read properties of undefined (reading 'jwt')
[2024-04-24 23:02:08] [ERROR] An error occurred: TypeError: Cannot read properties of undefined (reading 'jwt')
[2024-04-24 23:02:37] [ERROR] An error occurred: TypeError: Cannot read properties of undefined (reading 'jwt')
[2024-04-24 23:02:44] [ERROR] An error occurred: TypeError: Cannot read properties of undefined (reading 'jwt')
[2024-04-24 23:03:12] [ERROR] An error occurred: TypeError: Cannot read properties of undefined (reading 'jwt')
[2024-04-24 23:03:13] [ERROR] An error occurred: TypeError: Cannot read properties of undefined (reading 'jwt')
[2024-04-24 23:04:55] [ERROR] An error occurred: Please login first
[2024-04-24 23:05:13] [ERROR] An error occurred: Please login first
[2024-04-24 23:05:38] [ERROR] An error occurred: Please login first
[2024-04-24 23:06:45] [ERROR] An error occurred: Please login first
[2024-04-25 00:16:41] [ERROR] An error occurred: No Document found with this id
[2024-04-25 00:16:58] [ERROR] An error occurred: No Document found with this id
[2024-04-25 00:18:49] [ERROR] An error occurred: ReferenceError: user is not defined
[2024-04-25 00:19:06] [ERROR] An error occurred: No Document found with this id
[2024-04-25 00:22:30] [ERROR] An error occurred: Not registered acount
[2024-04-25 00:22:41] [ERROR] An error occurred: Email not confirmed
[2024-04-25 00:24:09] [ERROR] An error occurred: Email not confirmed
[2024-04-25 01:09:16] [ERROR] An error occurred: TokenExpiredError: jwt expired
[2024-04-25 01:11:38] [ERROR] An error occurred: ReferenceError: filterObj is not defined
[2024-04-25 01:13:55] [ERROR] An error occurred: ReferenceError: User is not defined
[2024-04-25 01:14:13] [ERROR] An error occurred: ReferenceError: User is not defined
[2024-04-25 01:15:56] [ERROR] An error occurred: ReferenceError: User is not defined
[2024-04-25 01:17:12] [ERROR] An error occurred: ReferenceError: User is not defined
[2024-04-25 01:17:41] [ERROR] An error occurred: ReferenceError: User is not defined
[2024-04-25 01:18:09] [ERROR] An error occurred: ReferenceError: User is not defined
[2024-04-25 01:21:00] [ERROR] An error occurred: ReferenceError: User is not defined
[2024-04-25 01:21:28] [ERROR] An error occurred: ReferenceError: User is not defined
[2024-04-25 01:22:10] [ERROR] An error occurred: ReferenceError: User is not defined
[2024-04-25 01:22:23] [ERROR] An error occurred: ReferenceError: User is not defined
[2024-04-25 01:22:59] [ERROR] An error occurred: ReferenceError: User is not defined
[2024-04-25 01:24:21] [ERROR] An error occurred: ReferenceError: User is not defined
[2024-04-25 01:24:50] [ERROR] An error occurred: ReferenceError: User is not defined
[2024-04-25 01:29:43] [ERROR] An error occurred: This route is not for password updates. please use /updateMyPassword
[2024-04-25 01:29:56] [ERROR] An error occurred: Unexpected token } in JSON at position 80
[2024-04-25 02:27:09] [ERROR] An error occurred: Not registered acount
>>>>>>> Stashed changes
[2024-04-26 21:32:37] [ERROR] An error occurred: Unexpected token } in JSON at position 64
[2024-04-26 21:32:40] [ERROR] An error occurred: Email not confirmed
[2024-04-26 22:57:31] [ERROR] An error occurred: Email already existed
[2024-04-26 23:00:37] [ERROR] An error occurred: Invalid reference exceeds the schema root: ref:specification
[2024-04-26 23:02:27] [ERROR] An error occurred: Invalid reference exceeds the schema root: ref:specification
[2024-04-26 23:04:02] [ERROR] An error occurred: Invalid reference exceeds the schema root: ref:specification
[2024-04-26 23:04:09] [ERROR] An error occurred: Invalid reference exceeds the schema root: ref:specification
[2024-04-26 23:11:42] [ERROR] An error occurred: Invalid reference exceeds the schema root: ref:specification
[2024-04-26 23:12:01] [ERROR] An error occurred: Invalid reference exceeds the schema root: ref:specification
[2024-04-26 23:20:50] [ERROR] An error occurred: Invalid reference exceeds the schema root: ref:specification
[2024-04-26 23:25:39] [ERROR] An error occurred: Invalid reference exceeds the schema root: ref:specification
[2024-04-26 23:27:02] [ERROR] An error occurred: Invalid reference exceeds the schema root: ref:specification
[2024-04-26 23:27:03] [ERROR] An error occurred: Invalid reference exceeds the schema root: ref:specification
[2024-04-26 23:34:09] [ERROR] An error occurred: Invalid reference exceeds the schema root: ref:specification
[2024-04-26 23:34:12] [ERROR] An error occurred: Unexpected token } in JSON at position 289
[2024-04-26 23:34:34] [ERROR] An error occurred: Invalid reference exceeds the schema root: ref:specification
[2024-04-26 23:34:57] [ERROR] An error occurred: Invalid reference exceeds the schema root: ref:specification
[2024-04-26 23:34:58] [ERROR] An error occurred: Invalid reference exceeds the schema root: ref:specification
[2024-04-26 23:34:59] [ERROR] An error occurred: Invalid reference exceeds the schema root: ref:specification
[2024-04-26 23:39:23] [ERROR] An error occurred: Invalid reference exceeds the schema root: ref:specification
[2024-04-26 23:40:27] [ERROR] An error occurred: Invalid reference exceeds the schema root: ref:specification
[2024-04-26 23:40:28] [ERROR] An error occurred: Invalid reference exceeds the schema root: ref:specification
[2024-04-26 23:42:02] [ERROR] An error occurred: Invalid reference exceeds the schema root: ref:specification
[2024-04-26 23:42:21] [ERROR] An error occurred: Email already existed
[2024-04-26 23:45:21] [ERROR] An error occurred: Email already existed
[2024-04-26 23:46:32] [ERROR] An error occurred: Invalid reference exceeds the schema root: ref:specification
[2024-04-26 23:47:38] [ERROR] An error occurred: Invalid reference exceeds the schema root: ref:specification
[2024-04-26 23:49:14] [ERROR] An error occurred: Invalid reference exceeds the schema root: ref:specification
[2024-04-26 23:49:15] [ERROR] An error occurred: Invalid reference exceeds the schema root: ref:specification
[2024-04-26 23:49:15] [ERROR] An error occurred: Invalid reference exceeds the schema root: ref:specification
[2024-04-27 10:17:39] [ERROR] An error occurred: Invalid reference exceeds the schema root: ref:specification
[2024-04-27 10:17:41] [ERROR] An error occurred: Invalid reference exceeds the schema root: ref:specification
[2024-04-27 10:21:53] [ERROR] An error occurred: Invalid reference exceeds the schema root: ref:specification
[2024-04-27 10:22:54] [ERROR] An error occurred: Invalid reference exceeds the schema root: ref:specification
[2024-04-27 10:24:17] [ERROR] An error occurred: Invalid reference exceeds the schema root: ref:specification
[2024-04-27 10:24:47] [ERROR] An error occurred: Invalid reference exceeds the schema root: ref:specification
[2024-04-27 10:30:04] [ERROR] An error occurred: Invalid reference exceeds the schema root: ref:specification
[2024-04-27 10:30:05] [ERROR] An error occurred: Invalid reference exceeds the schema root: ref:specification
[2024-04-27 10:31:16] [ERROR] An error occurred: Invalid reference exceeds the schema root: ref:specification
[2024-04-27 10:31:16] [ERROR] An error occurred: Invalid reference exceeds the schema root: ref:specification
[2024-04-27 11:17:03] [ERROR] An error occurred: Invalid reference exceeds the schema root: ref:specification
[2024-04-27 11:17:05] [ERROR] An error occurred: Invalid reference exceeds the schema root: ref:specification
[2024-04-27 11:17:56] [ERROR] An error occurred: Invalid reference exceeds the schema root: ref:specification
[2024-04-27 11:18:21] [ERROR] An error occurred: Invalid reference exceeds the schema root: ref:specification
[2024-04-27 11:18:22] [ERROR] An error occurred: Invalid reference exceeds the schema root: ref:specification
[2024-04-27 11:29:23] [ERROR] An error occurred: Invalid reference exceeds the schema root: ref:specification
[2024-04-27 11:29:36] [ERROR] An error occurred: Invalid reference exceeds the schema root: ref:specification
[2024-04-27 11:30:16] [ERROR] An error occurred: Invalid reference exceeds the schema root: ref:specification
[2024-04-27 11:30:33] [ERROR] An error occurred: Email already existed
[2024-04-27 11:45:48] [ERROR] An error occurred: Email already existed
[2024-04-27 11:52:56] [ERROR] An error occurred: [object Object]
[2024-04-27 11:55:25] [ERROR] An error occurred: [object Object]
[2024-04-27 12:07:40] [ERROR] An error occurred: Email already exists
[2024-04-27 12:12:03] [ERROR] An error occurred: Email already exists
[2024-04-27 12:12:50] [ERROR] An error occurred: generateEmailHTML is not defined
[2024-04-27 12:15:36] [ERROR] An error occurred: User validation failed: userName: userName is required
[2024-04-27 12:16:02] [ERROR] An error occurred: User validation failed: userName: userName is required
[2024-04-27 12:16:54] [ERROR] An error occurred: User validation failed: userName: userName is required
[2024-04-27 12:19:39] [ERROR] An error occurred: emailLower is not defined
[2024-04-27 12:22:55] [ERROR] An error occurred: ReferenceError: files is not defined
[2024-04-27 12:23:56] [ERROR] An error occurred: Error: Attatchments for Medical and Educational specification only
[2024-04-27 12:27:53] [ERROR] An error occurred: ReferenceError: files is not defined
[2024-04-27 12:29:39] [ERROR] An error occurred: [object Object]
[2024-04-27 15:24:01] [ERROR] An error occurred: Email already existed
[2024-04-27 15:24:30] [ERROR] An error occurred: Unexpected token } in JSON at position 421
[2024-04-27 15:25:54] [ERROR] An error occurred: Email already existed
[2024-04-27 16:07:24] [ERROR] An error occurred: Email already existed
[2024-04-27 16:07:50] [ERROR] An error occurred: Error: Attatchments required
[2024-04-27 16:09:31] [ERROR] An error occurred: Email already existed
[2024-04-27 16:11:03] [ERROR] An error occurred: Email already existed
[2024-04-27 16:11:24] [ERROR] An error occurred: Error: Attatchments required
[2024-04-27 16:17:23] [ERROR] An error occurred: Email already existed
[2024-04-27 16:20:53] [ERROR] An error occurred: Error: Attatchments required
[2024-04-27 16:21:09] [ERROR] An error occurred: Error: Attatchments required
[2024-04-27 16:21:24] [ERROR] An error occurred: Error: Attatchments required
[2024-04-28 15:49:12] [ERROR] An error occurred: In-valid Bearer key
[2024-04-28 15:51:52] [ERROR] An error occurred: TypeError: Converting circular structure to JSON
    --> starting at object with constructor 'Socket'
    |     property '_writableState' -> object with constructor 'WritableState'
    |     property 'afterWriteTickInfo' -> object with constructor 'Object'
    --- property 'stream' closes the circle
[2024-04-28 15:55:10] [ERROR] An error occurred: In-valid Bearer key
[2024-04-28 15:57:32] [ERROR] An error occurred: In-valid Bearer key
[2024-04-28 15:59:45] [ERROR] An error occurred: Chat not found
[2024-04-28 18:44:07] [ERROR] An error occurred: In-valid Bearer key
[2024-04-28 18:44:46] [ERROR] An error occurred: Chat not found
[2024-04-28 18:47:19] [ERROR] An error occurred: Chat not found
[2024-04-28 18:47:58] [ERROR] An error occurred: No chats found
[2024-04-28 18:48:46] [ERROR] An error occurred: TypeError: deleteChat.ok is not a function
[2024-04-28 18:49:57] [ERROR] An error occurred: Chat not found
[2024-04-28 18:50:42] [ERROR] An error occurred: No chats found
[2024-04-28 19:14:29] [ERROR] An error occurred: No chats found
[2024-04-28 19:14:34] [ERROR] An error occurred: TokenExpiredError: jwt expired
[2024-04-28 19:22:21] [ERROR] An error occurred: In-valid Bearer key
[2024-04-28 19:29:01] [ERROR] An error occurred: In-valid Bearer key
[2024-04-28 19:29:21] [ERROR] An error occurred: TokenExpiredError: jwt expired
[2024-04-28 19:32:45] [ERROR] An error occurred: In-valid Bearer key
[2024-04-28 19:36:36] [ERROR] An error occurred: Chat not found
[2024-04-28 19:42:29] [ERROR] An error occurred: TokenExpiredError: jwt expired
[2024-04-28 19:42:56] [ERROR] An error occurred: TokenExpiredError: jwt expired
[2024-04-28 19:43:55] [ERROR] An error occurred: Chat not found
[2024-04-28 19:44:18] [ERROR] An error occurred: Chat not found
[2024-04-29 02:48:24] [ERROR] An error occurred: In-valid Bearer key
[2024-04-29 02:48:43] [ERROR] An error occurred: In-valid Bearer key
[2024-04-29 02:49:20] [ERROR] An error occurred: In-valid Bearer key
[2024-04-29 02:50:54] [ERROR] An error occurred: In-valid Bearer key
[2024-04-29 02:52:11] [ERROR] An error occurred: In-valid Bearer key
[2024-04-29 02:52:33] [ERROR] An error occurred: In-valid Bearer key
[2024-04-29 02:53:03] [ERROR] An error occurred: In-valid Bearer key
[2024-04-29 02:56:01] [ERROR] An error occurred: In-valid Bearer key
[2024-04-29 02:57:03] [ERROR] An error occurred: In-valid Bearer key
[2024-04-29 03:01:14] [ERROR] An error occurred: In-valid Bearer key
[2024-04-29 03:02:01] [ERROR] An error occurred: JsonWebTokenError: invalid token
[2024-04-29 03:03:28] [ERROR] An error occurred: JsonWebTokenError: invalid token
[2024-04-29 03:03:38] [ERROR] An error occurred: JsonWebTokenError: invalid token
[2024-04-29 03:04:13] [ERROR] An error occurred: JsonWebTokenError: invalid token
[2024-04-29 14:52:22] [ERROR] An error occurred: Error: Attatchments required
[2024-04-29 14:54:06] [ERROR] An error occurred: Error: Attatchments required
[2024-04-29 15:08:40] [ERROR] An error occurred: Email already existed
[2024-04-29 15:12:39] [ERROR] An error occurred: Email already existed
[2024-04-29 15:25:49] [ERROR] An error occurred: Email already existed
[2024-04-29 15:29:09] [ERROR] An error occurred: ValidationError: address: Path `address` is required., DOB: Path `DOB` is required.
[2024-04-29 15:29:49] [ERROR] An error occurred: ValidationError: address: Path `address` is required.
[2024-04-29 15:30:17] [ERROR] An error occurred: ValidationError: address: Path `address` is required.
[2024-04-29 15:31:19] [ERROR] An error occurred: Email already existed
[2024-04-29 15:31:43] [ERROR] An error occurred: Error: Attatchments for Medical and Educational only
[2024-04-30 20:21:08] [ERROR] An error occurred: MongooseError: Operation `users.findOne()` buffering timed out after 10000ms
[2024-04-30 20:35:02] [ERROR] An error occurred: JsonWebTokenError: invalid token
[2024-04-30 20:35:10] [ERROR] An error occurred: JsonWebTokenError: invalid algorithm
[2024-04-30 20:35:18] [ERROR] An error occurred: JsonWebTokenError: invalid signature
[2024-04-30 21:48:14] [ERROR] An error occurred: [object Object]
[2024-04-30 21:48:21] [ERROR] An error occurred: ReferenceError: slugify is not defined
[2024-04-30 21:58:36] [ERROR] An error occurred: Email not confirmed
[2024-04-30 22:11:03] [ERROR] An error occurred: Error: In-valid user Id
[2024-04-30 22:11:53] [ERROR] An error occurred: In-valid user Id
[2024-04-30 22:50:36] [ERROR] An error occurred: CastError: Cast to ObjectId failed for value "{ id: '66313faa332b6ea1206901ac' }" (type Object) at path "_id" for model "Post"
[2024-04-30 22:50:49] [ERROR] An error occurred: CastError: Cast to ObjectId failed for value "{ id: '66313faa332b6ea1206901ac' }" (type Object) at path "_id" for model "Post"
[2024-04-30 22:51:46] [ERROR] An error occurred: CastError: Cast to ObjectId failed for value "{ id: '66313faa332b6ea1206901ac' }" (type Object) at path "_id" for model "Post"
[2024-04-30 22:52:23] [ERROR] An error occurred: CastError: Cast to ObjectId failed for value "{ id: '66313faa332b6ea1206901ac' }" (type Object) at path "_id" for model "Post"
[2024-04-30 22:52:38] [ERROR] An error occurred: CastError: Cast to ObjectId failed for value "{ id: '66313faa332b6ea1206901ac' }" (type Object) at path "_id" for model "Post"
[2024-04-30 22:52:53] [ERROR] An error occurred: CastError: Cast to ObjectId failed for value "{ id: '66313faa332b6ea1206901ac' }" (type Object) at path "_id" for model "Post"
[2024-04-30 22:53:59] [ERROR] An error occurred: CastError: Cast to ObjectId failed for value "{ id: '66313faa332b6ea1206901ac' }" (type Object) at path "_id" for model "Post"
[2024-04-30 22:56:54] [ERROR] An error occurred: JsonWebTokenError: invalid signature
[2024-04-30 23:02:43] [ERROR] An error occurred: [object Object]
[2024-04-30 23:04:45] [ERROR] An error occurred: [object Object]
[2024-04-30 23:06:48] [ERROR] An error occurred: [object Object]
[2024-04-30 23:55:11] [ERROR] An error occurred: In-valid Bearer key
[2024-04-30 23:56:00] [ERROR] An error occurred: ReferenceError: userId is not defined
[2024-05-01 21:15:53] [ERROR] An error occurred: fn is not a function
[2024-05-01 21:16:31] [ERROR] An error occurred: fn is not a function
[2024-05-01 21:51:22] [ERROR] An error occurred: In-valid Bearer key
[2024-05-01 21:52:44] [ERROR] An error occurred: In-valid post
[2024-05-01 23:36:10] [ERROR] An error occurred: ReferenceError: regUser is not defined
[2024-05-01 23:47:51] [ERROR] An error occurred: CastError: Cast to Array failed for value "{
  createdBy: '66323a96c1faa34e5d78da93',
  '$in': [ 'sharedUsers.userId' ]
}" (type Object) at path "$or" for model "Post"
[2024-05-01 23:48:44] [ERROR] An error occurred: CastError: Cast to Array failed for value "{
  createdBy: '66323a96c1faa34e5d78da93',
  '$in': [ 'sharedUsers.userId' ]
}" (type Object) at path "$or" for model "Post"
[2024-05-02 00:05:35] [ERROR] An error occurred: ReferenceError: mongoose is not defined
[2024-05-02 00:05:59] [ERROR] An error occurred: TypeError: Class constructor ObjectId cannot be invoked without 'new'
[2024-05-02 00:07:22] [ERROR] An error occurred: TypeError: Class constructor ObjectId cannot be invoked without 'new'
[2024-05-02 00:28:15] [ERROR] An error occurred: ValidationError: post.postId: Path `post.postId` is required.
[2024-05-02 00:28:50] [ERROR] An error occurred: ReferenceError: post is not defined
[2024-05-02 15:26:57] [ERROR] An error occurred: In-valid Bearer key
[2024-05-02 15:37:49] [ERROR] An error occurred: Cannot read properties of undefined (reading 'id')
[2024-05-02 15:38:43] [ERROR] An error occurred: Cannot read properties of undefined (reading 'id')
[2024-05-02 15:39:10] [ERROR] An error occurred: Cannot read properties of undefined (reading 'id')
[2024-05-02 15:39:11] [ERROR] An error occurred: Cannot read properties of undefined (reading 'id')
[2024-05-02 15:39:50] [ERROR] An error occurred: Cannot read properties of undefined (reading 'id')
[2024-05-02 15:43:31] [ERROR] An error occurred: JsonWebTokenError: jwt malformed
[2024-05-02 15:47:44] [ERROR] An error occurred: ValidationError: address: Path `address` is required., DOB: Path `DOB` is required.
[2024-05-02 15:48:01] [ERROR] An error occurred: Unexpected string in JSON at position 254
[2024-05-02 15:48:15] [ERROR] An error occurred: ValidationError: DOB: Path `DOB` is required.
[2024-05-02 15:48:25] [ERROR] An error occurred: Unexpected string in JSON at position 280
[2024-05-02 16:00:06] [ERROR] An error occurred: Cannot read properties of undefined (reading 'role')
[2024-05-02 16:01:37] [ERROR] An error occurred: Cannot read properties of undefined (reading 'role')
[2024-05-02 16:01:44] [ERROR] An error occurred: Cannot read properties of undefined (reading 'role')
[2024-05-02 16:02:19] [ERROR] An error occurred: Cannot read properties of undefined (reading 'role')
[2024-05-02 16:02:20] [ERROR] An error occurred: Cannot read properties of undefined (reading 'role')
[2024-05-02 16:02:25] [ERROR] An error occurred: Cannot read properties of undefined (reading 'role')
[2024-05-02 16:02:34] [ERROR] An error occurred: Cannot read properties of undefined (reading 'role')
[2024-05-02 16:03:19] [ERROR] An error occurred: Cannot read properties of undefined (reading 'role')
[2024-05-02 16:03:20] [ERROR] An error occurred: Cannot read properties of undefined (reading 'role')
[2024-05-02 16:04:10] [ERROR] An error occurred: Cannot read properties of undefined (reading 'role')
[2024-05-02 16:04:11] [ERROR] An error occurred: Cannot read properties of undefined (reading 'role')
[2024-05-02 16:11:56] [ERROR] An error occurred: In-valid Bearer key
[2024-05-02 16:12:17] [ERROR] An error occurred: TokenExpiredError: jwt expired
[2024-05-02 16:15:56] [ERROR] An error occurred: In-valid Bearer key
[2024-05-03 20:49:07] [ERROR] An error occurred: In-valid user Id
[2024-05-03 20:54:21] [ERROR] An error occurred: TypeError: docs is not iterable
[2024-05-03 20:56:29] [ERROR] An error occurred: MongooseError: Operation `users.findOne()` buffering timed out after 10000ms
[2024-05-03 21:05:37] [ERROR] An error occurred: TypeError: Cannot read properties of undefined (reading 'length')
[2024-05-03 21:06:35] [ERROR] An error occurred: TypeError: Cannot read properties of undefined (reading 'length')
[2024-05-03 21:07:55] [ERROR] An error occurred: TypeError: doc.select is not a function
[2024-05-03 21:08:29] [ERROR] An error occurred: TypeError: doc.select is not a function
[2024-05-03 21:09:33] [ERROR] An error occurred: TypeError: docs is not iterable
[2024-05-03 21:11:49] [ERROR] An error occurred: TypeError: docs is not iterable
[2024-05-03 21:14:18] [ERROR] An error occurred: TypeError: Cannot read properties of undefined (reading 'length')
[2024-05-03 21:22:11] [ERROR] An error occurred: MongooseError: Query was already executed: Post.find({ createdBy: new ObjectId("66313d03ce77d838e1e87cc...
[2024-05-03 21:22:37] [ERROR] An error occurred: MongooseError: Query was already executed: Post.find({ createdBy: new ObjectId("66313d03ce77d838e1e87cc...
[2024-05-03 21:22:55] [ERROR] An error occurred: TypeError: doc.select is not a function
[2024-05-03 21:28:57] [ERROR] An error occurred: MongooseError: Query was already executed: Post.find({ createdBy: new ObjectId("66313d03ce77d838e1e87cc...
[2024-05-03 21:29:42] [ERROR] An error occurred: MongooseError: Query was already executed: Post.find({ createdBy: new ObjectId("66313d03ce77d838e1e87cc...
[2024-05-03 21:31:09] [ERROR] An error occurred: MongooseError: Query was already executed: Post.find({ createdBy: new ObjectId("66313d03ce77d838e1e87cc...
[2024-05-03 21:31:24] [ERROR] An error occurred: MongooseError: Query was already executed: Post.find({ createdBy: new ObjectId("66313d03ce77d838e1e87cc...
[2024-05-03 21:36:54] [ERROR] An error occurred: ReferenceError: likes is not defined
[2024-05-03 21:37:20] [ERROR] An error occurred: MongooseError: Operation `users.findOne()` buffering timed out after 10000ms
[2024-05-03 21:37:24] [ERROR] An error occurred: TypeError: doc.omit is not a function
[2024-05-03 21:39:47] [ERROR] An error occurred: ReferenceError: log is not defined
[2024-05-03 21:48:44] [ERROR] An error occurred: ReferenceError: log is not defined
[2024-05-03 21:54:09] [ERROR] An error occurred: TypeError: Cannot read properties of undefined (reading 'length')
[2024-05-03 21:57:48] [ERROR] An error occurred: TypeError: Cannot read properties of undefined (reading 'length')
[2024-05-03 22:00:38] [ERROR] An error occurred: TypeError: plainDoc.select is not a function
[2024-05-03 22:11:59] [ERROR] An error occurred: TypeError: Cannot read properties of undefined (reading 'length')
[2024-05-03 22:14:44] [ERROR] An error occurred: TypeError: next is not a function
[2024-05-03 22:17:47] [ERROR] An error occurred: TokenExpiredError: jwt expired
[2024-05-03 22:37:40] [ERROR] An error occurred: In-valid user Id
[2024-05-03 22:49:46] [ERROR] An error occurred: In-valid Bearer key
[2024-05-03 22:54:43] [ERROR] An error occurred: MongoServerError: PlanExecutor error during aggregation :: caused by :: The argument to $size must be an array, but was of type: missing
[2024-05-03 22:55:07] [ERROR] An error occurred: MongoServerError: PlanExecutor error during aggregation :: caused by :: The argument to $size must be an array, but was of type: missing
[2024-05-03 22:56:07] [ERROR] An error occurred: MongoServerError: PlanExecutor error during aggregation :: caused by :: The argument to $size must be an array, but was of type: missing
[2024-05-03 22:57:44] [ERROR] An error occurred: TypeError: Cannot read properties of null (reading 'changePasswordTime')
[2024-05-03 22:58:00] [ERROR] An error occurred: TypeError: Cannot read properties of null (reading 'changePasswordTime')
[2024-05-03 23:09:44] [ERROR] An error occurred: ReferenceError: req is not defined
[2024-05-03 23:09:59] [ERROR] An error occurred: TypeError: this.aggregate is not a function
[2024-05-03 23:10:12] [ERROR] An error occurred: TypeError: this.aggregate is not a function
[2024-05-03 23:17:51] [ERROR] An error occurred: MongooseError: Operation `users.findOne()` buffering timed out after 10000ms
[2024-05-03 23:27:27] [ERROR] An error occurred: TypeError: postModel.find(...).aggregatePosts is not a function
[2024-05-03 23:34:39] [ERROR] An error occurred: Error: Error in aggregation
[2024-05-03 23:34:41] [ERROR] An error occurred: Error: Error in aggregation
[2024-05-03 23:36:46] [ERROR] An error occurred: Error: Error in aggregation
[2024-05-03 23:37:45] [ERROR] An error occurred: Error: Error in aggregation
[2024-05-03 23:38:51] [ERROR] An error occurred: Error: Error in aggregation
[2024-05-03 23:39:30] [ERROR] An error occurred: MongooseError: Operation `posts.find()` buffering timed out after 10000ms
[2024-05-03 23:49:13] [ERROR] An error occurred: Error: Error in aggregation
[2024-05-04 14:09:36] [ERROR] An error occurred: TypeError: postModel.aggregatePostss(...).populate is not a function
[2024-05-04 14:11:34] [ERROR] An error occurred: StrictPopulateError: Cannot populate path `User` because it is not in your schema. Set the `strictPopulate` option to false to override.
[2024-05-07 17:46:55] [ERROR] An error occurred: TokenExpiredError: jwt expired
[2024-05-07 17:47:02] [ERROR] An error occurred: TokenExpiredError: jwt expired
[2024-05-07 17:47:34] [ERROR] An error occurred: Not authorized user
[2024-05-07 17:47:52] [ERROR] An error occurred: Not authorized user
[2024-05-07 17:53:13] [ERROR] An error occurred: Not authorized user
[2024-05-07 17:53:30] [ERROR] An error occurred: Not authorized user
[2024-05-07 17:54:48] [ERROR] An error occurred: ObjectParameterError: Parameter "obj" to Document() must be an object, got "663630377d4ef1488e818a9f" (type string)
[2024-05-07 17:55:04] [ERROR] An error occurred: ObjectParameterError: Parameter "obj" to Document() must be an object, got "663630377d4ef1488e818a9f" (type string)
[2024-05-07 17:58:34] [ERROR] An error occurred: ReferenceError: mongoose is not defined
[2024-05-07 17:58:54] [ERROR] An error occurred: TypeError: Class constructor ObjectId cannot be invoked without 'new'
[2024-05-07 18:03:19] [ERROR] An error occurred: TypeError: Class constructor ObjectId cannot be invoked without 'new'
[2024-05-07 18:03:37] [ERROR] An error occurred: ValidationError: members.0.userId: Path `userId` is required., members.1.userId: Path `userId` is required.
[2024-05-07 19:28:45] [ERROR] An error occurred: TokenExpiredError: jwt expired
[2024-05-07 19:29:10] [ERROR] An error occurred: ObjectParameterError: Parameter "obj" to Document() must be an object, got "662cc67681ecb63561d8bb9a" (type string)
[2024-05-07 19:29:28] [ERROR] An error occurred: ValidationError: members.0.userId: Path `userId` is required., members.1.userId: Path `userId` is required.
[2024-05-07 19:58:30] [ERROR] An error occurred: CastError: Cast to ObjectId failed for value "{
  '$all': [
    new ObjectId("663630377d4ef1488e818a9f"),
    new ObjectId("65becec07dd3b62e95d4cad0")
  ]
}" (type Object) at path "userId" for model "Chat"
[2024-05-07 22:06:36] [ERROR] An error occurred: Error: Can't use $elementmatch
[2024-05-07 22:07:10] [ERROR] An error occurred: MongoServerError: $elemMatch needs an Object
[2024-05-07 22:18:03] [ERROR] An error occurred: StrictPopulateError: Cannot populate path `userId` because it is not in your schema. Set the `strictPopulate` option to false to override.
[2024-05-07 22:31:48] [ERROR] An error occurred: StrictPopulateError: Cannot populate path `members[1].userId` because it is not in your schema. Set the `strictPopulate` option to false to override.
[2024-05-07 22:37:24] [ERROR] An error occurred: Error: Mongoose does not support calling populate() on nested docs. Instead of `doc.arr[0].populate("path")`, use `doc.populate("arr.0.path")`
[2024-05-07 22:38:03] [ERROR] An error occurred: TypeError: chat.populate(...).execPopulate is not a function
[2024-05-07 22:39:19] [ERROR] An error occurred: Error: Mongoose does not support calling populate() on nested docs. Instead of `doc.arr[0].populate("path")`, use `doc.populate("arr.0.path")`
[2024-05-07 23:04:58] [ERROR] An error occurred: StrictPopulateError: Cannot populate path `User` because it is not in your schema. Set the `strictPopulate` option to false to override.
[2024-05-07 23:05:08] [ERROR] An error occurred: StrictPopulateError: Cannot populate path `memberuser` because it is not in your schema. Set the `strictPopulate` option to false to override.
[2024-05-07 23:06:14] [ERROR] An error occurred: CastError: Cast to ObjectId failed for value "{ 'members.userId': new ObjectId("663630377d4ef1488e818a9f") }" (type Object) at path "_id" for model "Chat"
[2024-05-08 13:58:41] [ERROR] An error occurred: ReferenceError: userId is not defined
[2024-05-08 13:58:43] [ERROR] An error occurred: ReferenceError: userId is not defined
[2024-05-08 14:08:04] [ERROR] An error occurred: In-valid users id
[2024-05-08 14:23:33] [ERROR] An error occurred: TokenExpiredError: jwt expired
[2024-05-08 15:35:29] [ERROR] An error occurred: ValidationError: address: Path `address` is required., DOB: Path `DOB` is required.
[2024-05-08 15:36:10] [ERROR] An error occurred: ValidationError: address: Path `address` is required.
[2024-05-08 16:21:18] [ERROR] An error occurred: In-valid user Id
[2024-05-08 16:23:48] [ERROR] An error occurred: StrictPopulateError: Cannot populate path `postId` because it is not in your schema. Set the `strictPopulate` option to false to override.
[2024-05-08 16:27:02] [ERROR] An error occurred: TypeError: Cannot read properties of null (reading 'changePasswordTime')
[2024-05-08 16:27:21] [ERROR] An error occurred: TypeError: Cannot read properties of null (reading 'changePasswordTime')
[2024-05-08 16:27:22] [ERROR] An error occurred: TypeError: Cannot read properties of null (reading 'changePasswordTime')
[2024-05-08 16:28:24] [ERROR] An error occurred: Not registered user
[2024-05-08 16:28:57] [ERROR] An error occurred: TokenExpiredError: jwt expired
[2024-05-08 16:33:18] [ERROR] An error occurred: TypeError: Cannot read properties of undefined (reading 'length')
[2024-05-08 16:33:37] [ERROR] An error occurred: TypeError: Cannot read properties of undefined (reading 'length')
[2024-05-08 16:37:04] [ERROR] An error occurred: TypeError: Assignment to constant variable.
[2024-05-08 16:38:42] [ERROR] An error occurred: TypeError: Cannot read properties of undefined (reading 'map')
[2024-05-08 16:39:05] [ERROR] An error occurred: TypeError: Cannot read properties of undefined (reading 'map')
[2024-05-08 16:39:15] [ERROR] An error occurred: TypeError: Cannot read properties of undefined (reading 'map')
[2024-05-08 20:49:52] [ERROR] An error occurred: In-valid userId
[2024-05-08 20:50:37] [ERROR] An error occurred: In-valid userId
[2024-05-08 20:53:24] [ERROR] An error occurred: In-valid userId
[2024-05-08 20:54:02] [ERROR] An error occurred: ReferenceError: userIdToCheck is not defined
[2024-05-08 20:54:16] [ERROR] An error occurred: ReferenceError: userIdToCheck is not defined
[2024-05-08 20:55:17] [ERROR] An error occurred: ReferenceError: userIdToCheck is not defined
[2024-05-08 20:56:21] [ERROR] An error occurred: ReferenceError: userIdToCheck is not defined
[2024-05-08 21:10:46] [ERROR] An error occurred: ObjectParameterError: Parameter "obj" to Document() must be an object, got "6636dfee44e6aa75be498402" (type string)
[2024-05-08 21:12:55] [ERROR] An error occurred: TypeError: Class constructor ObjectId cannot be invoked without 'new'
[2024-05-08 21:26:05] [ERROR] An error occurred: ReferenceError: following is not defined
[2024-05-08 21:29:49] [ERROR] An error occurred: You already follow this user
[2024-05-08 21:31:33] [ERROR] An error occurred: You already follow this user
[2024-05-08 23:29:53] [ERROR] An error occurred: You don't follow this user
[2024-05-08 23:30:33] [ERROR] An error occurred: In-valid Bearer key
[2024-05-08 23:30:43] [ERROR] An error occurred: In-valid Bearer key
[2024-05-08 23:31:35] [ERROR] An error occurred: In-valid Bearer key
[2024-05-08 23:32:01] [ERROR] An error occurred: In-valid Bearer key
[2024-05-08 23:32:02] [ERROR] An error occurred: In-valid Bearer key
[2024-05-08 23:32:31] [ERROR] An error occurred: You already follow this user
[2024-05-08 23:32:53] [ERROR] An error occurred: You already follow this user
[2024-05-08 23:32:56] [ERROR] An error occurred: In-valid Bearer key
[2024-05-08 23:33:30] [ERROR] An error occurred: In-valid Bearer key
[2024-05-08 23:33:37] [ERROR] An error occurred: In-valid Bearer key
[2024-05-08 23:33:42] [ERROR] An error occurred: You don't follow this user
[2024-05-08 23:34:44] [ERROR] An error occurred: You already follow this user
[2024-05-08 23:37:50] [ERROR] An error occurred: You already follow this user
[2024-05-08 23:38:10] [ERROR] An error occurred: You don't follow this user
[2024-05-10 11:59:53] [ERROR] An error occurred: Email not confirmed
[2024-05-11 12:49:10] [ERROR] An error occurred: No profile picture found
